<?xml version="1.0" encoding="UTF-8"?>
<!-- Generated by org.testng.reporters.JUnitReportReporter -->
<testsuite hostname="DESKTOP-2H6BHBG" failures="0" tests="3" name="com.sample.Sample" time="12.877" errors="0" timestamp="2023-06-17T11:21:08 IST" skipped="0">
  <testcase classname="com.sample.Sample" name="tc1" time="7.869"/>
  <system-out/>
  <testcase classname="com.sample.Sample" name="tc2" time="0.022"/>
  <system-out/>
  <testcase classname="com.sample.Sample" name="tc3" time="4.986"/>
  <system-out/>
</testsuite> <!-- com.sample.Sample -->
